<?xml version="1.0" encoding="UTF-8"?>
<!-- Generated by org.testng.reporters.JUnitReportReporter -->
<testsuite hostname="GISBIZ-LTP-85" name="reportsTestday6.EditLead" tests="1" failures="0" timestamp="16 Aug 2018 08:14:12 GMT" time="23.721" errors="0">
  <testcase name="EditLeadTest" time="23.721" classname="reportsTestday6.EditLead"/>
</testsuite> <!-- reportsTestday6.EditLead -->
