<?xml version="1.0" encoding="UTF-8"?>
<!-- Generated by org.testng.reporters.JUnitReportReporter -->
<testsuite hostname="GISBIZ-LTP-85" name="reportsTestday6.CreateLead" tests="3" failures="0" timestamp="16 Aug 2018 08:14:12 GMT" time="78.715" errors="0">
  <testcase name="createLead" time="18.152" classname="reportsTestday6.CreateLead"/>
  <testcase name="createLead" time="20.378" classname="reportsTestday6.CreateLead"/>
  <testcase name="createLead" time="40.185" classname="reportsTestday6.CreateLead"/>
</testsuite> <!-- reportsTestday6.CreateLead -->
